[19:56:21] [main/INFO]: Environment: authHost='https://authserver.mojang.com', accountsHost='https://api.mojang.com', sessionHost='https://sessionserver.mojang.com', name='PROD'
[19:56:22] [main/INFO]: Reloading ResourceManager: Default, bukkit
[19:56:22] [Server-Worker-4/INFO]: Loaded 7 recipes
[19:56:23] [Server thread/INFO]: Starting minecraft server version 1.16.1
[19:56:23] [Server thread/WARN]: To start the server with more ram, launch it as "java -Xmx1024M -Xms1024M -jar minecraft_server.jar"
[19:56:23] [Server thread/INFO]: Loading properties
[19:56:23] [Server console handler/ERROR]: [TerminalConsole] Failed to read console input
java.io.IOException: The handle is invalid
	at java.io.FileInputStream.readBytes(Native Method) ~[?:1.8.0_251]
	at java.io.FileInputStream.read(Unknown Source) ~[?:1.8.0_251]
	at java.io.BufferedInputStream.read1(Unknown Source) ~[?:1.8.0_251]
	at java.io.BufferedInputStream.read(Unknown Source) ~[?:1.8.0_251]
	at sun.nio.cs.StreamDecoder.readBytes(Unknown Source) ~[?:1.8.0_251]
	at sun.nio.cs.StreamDecoder.implRead(Unknown Source) ~[?:1.8.0_251]
	at sun.nio.cs.StreamDecoder.read(Unknown Source) ~[?:1.8.0_251]
	at java.io.InputStreamReader.read(Unknown Source) ~[?:1.8.0_251]
	at java.io.BufferedReader.fill(Unknown Source) ~[?:1.8.0_251]
	at java.io.BufferedReader.readLine(Unknown Source) ~[?:1.8.0_251]
	at java.io.BufferedReader.readLine(Unknown Source) ~[?:1.8.0_251]
	at net.minecrell.terminalconsole.SimpleTerminalConsole.readCommands(SimpleTerminalConsole.java:180) ~[patched_1.16.1.jar:git-Paper-47]
	at net.minecrell.terminalconsole.SimpleTerminalConsole.start(SimpleTerminalConsole.java:143) ~[patched_1.16.1.jar:git-Paper-47]
	at net.minecraft.server.v1_16_R1.DedicatedServer$1.run(DedicatedServer.java:66) ~[patched_1.16.1.jar:git-Paper-47]
	Suppressed: java.io.IOException: The handle is invalid
		at java.io.FileInputStream.close0(Native Method) ~[?:1.8.0_251]
		at java.io.FileInputStream.access$000(Unknown Source) ~[?:1.8.0_251]
		at java.io.FileInputStream$1.close(Unknown Source) ~[?:1.8.0_251]
		at java.io.FileDescriptor.closeAll(Unknown Source) ~[?:1.8.0_251]
		at java.io.FileInputStream.close(Unknown Source) ~[?:1.8.0_251]
		at java.io.BufferedInputStream.close(Unknown Source) ~[?:1.8.0_251]
		at sun.nio.cs.StreamDecoder.implClose(Unknown Source) ~[?:1.8.0_251]
		at sun.nio.cs.StreamDecoder.close(Unknown Source) ~[?:1.8.0_251]
		at java.io.InputStreamReader.close(Unknown Source) ~[?:1.8.0_251]
		at java.io.BufferedReader.close(Unknown Source) ~[?:1.8.0_251]
		at net.minecrell.terminalconsole.SimpleTerminalConsole.readCommands(SimpleTerminalConsole.java:183) ~[patched_1.16.1.jar:git-Paper-47]
		at net.minecrell.terminalconsole.SimpleTerminalConsole.start(SimpleTerminalConsole.java:143) ~[patched_1.16.1.jar:git-Paper-47]
		at net.minecraft.server.v1_16_R1.DedicatedServer$1.run(DedicatedServer.java:66) ~[patched_1.16.1.jar:git-Paper-47]
[19:56:24] [Server thread/INFO]: This server is running Paper version git-Paper-47 (MC: 1.16.1) (Implementing API version 1.16.1-R0.1-SNAPSHOT)
[19:56:24] [Server thread/INFO]: Debug logging is disabled
[19:56:24] [Server thread/INFO]: Server Ping Player Sample Count: 12
[19:56:24] [Server thread/INFO]: Using 4 threads for Netty based IO
[19:56:24] [Server thread/INFO]: Default game type: SURVIVAL
[19:56:24] [Server thread/INFO]: Generating keypair
[19:56:24] [Server thread/INFO]: Starting Minecraft server on *:25565
[19:56:24] [Server thread/INFO]: Using default channel type
[19:56:24] [Server thread/INFO]: Server permissions file permissions.yml is empty, ignoring it
[19:56:24] [Server thread/INFO]: Preparing level "world"
[19:56:24] [Server thread/INFO]: -------- World Settings For [world] --------
[19:56:24] [Server thread/INFO]: Arrow Despawn Rate: 1200 Trident Respawn Rate:1200
[19:56:24] [Server thread/INFO]: Entity Tracking Range: Pl 48 / An 48 / Mo 48 / Mi 32 / Other 64
[19:56:24] [Server thread/INFO]: Allow Zombie Pigmen to spawn from portal blocks: true
[19:56:24] [Server thread/INFO]: Item Merge Radius: 2.5
[19:56:24] [Server thread/INFO]: Item Despawn Rate: 6000
[19:56:24] [Server thread/INFO]: View Distance: 10
[19:56:24] [Server thread/INFO]: Zombie Aggressive Towards Villager: true
[19:56:24] [Server thread/INFO]: Custom Map Seeds:  Village: 10387312 Desert: 14357617 Igloo: 14357618 Jungle: 14357619 Swamp: 14357620 Monument: 10387313 Ocean: 14357621 Shipwreck: 165745295 End City: 10387313 Slime: 987234911 Bastion: 30084232 Fortress: 30084232 Mansion: 10387319 Fossil: 14357921 Portal: 34222645
[19:56:24] [Server thread/INFO]: Experience Merge Radius: 3.0
[19:56:24] [Server thread/INFO]: Hopper Transfer: 8 Hopper Check: 1 Hopper Amount: 1
[19:56:24] [Server thread/INFO]: Nerfing mobs spawned from spawners: false
[19:56:24] [Server thread/INFO]: Mob Spawn Range: 8
[19:56:24] [Server thread/INFO]: Entity Activation Range: An 32 / Mo 32 / Ra 48 / Mi 16 / Tiv true
[19:56:24] [Server thread/INFO]: Cactus Growth Modifier: 100%
[19:56:24] [Server thread/INFO]: Cane Growth Modifier: 100%
[19:56:24] [Server thread/INFO]: Melon Growth Modifier: 100%
[19:56:24] [Server thread/INFO]: Mushroom Growth Modifier: 100%
[19:56:24] [Server thread/INFO]: Pumpkin Growth Modifier: 100%
[19:56:24] [Server thread/INFO]: Sapling Growth Modifier: 100%
[19:56:24] [Server thread/INFO]: Beetroot Growth Modifier: 100%
[19:56:24] [Server thread/INFO]: Carrot Growth Modifier: 100%
[19:56:24] [Server thread/INFO]: Potato Growth Modifier: 100%
[19:56:24] [Server thread/INFO]: Wheat Growth Modifier: 100%
[19:56:24] [Server thread/INFO]: NetherWart Growth Modifier: 100%
[19:56:24] [Server thread/INFO]: Vine Growth Modifier: 100%
[19:56:24] [Server thread/INFO]: Cocoa Growth Modifier: 100%
[19:56:24] [Server thread/INFO]: Bamboo Growth Modifier: 100%
[19:56:24] [Server thread/INFO]: SweetBerry Growth Modifier: 100%
[19:56:24] [Server thread/INFO]: Kelp Growth Modifier: 100%
[19:56:24] [Server thread/INFO]: Max TNT Explosions: 100
[19:56:24] [Server thread/INFO]: Tile Max Tick Time: 50ms Entity max Tick Time: 50ms
[19:56:25] [Server thread/INFO]: -------- World Settings For [world_nether] --------
[19:56:25] [Server thread/INFO]: Arrow Despawn Rate: 1200 Trident Respawn Rate:1200
[19:56:25] [Server thread/INFO]: Entity Tracking Range: Pl 48 / An 48 / Mo 48 / Mi 32 / Other 64
[19:56:25] [Server thread/INFO]: Allow Zombie Pigmen to spawn from portal blocks: true
[19:56:25] [Server thread/INFO]: Item Merge Radius: 2.5
[19:56:25] [Server thread/INFO]: Item Despawn Rate: 6000
[19:56:25] [Server thread/INFO]: View Distance: 10
[19:56:25] [Server thread/INFO]: Zombie Aggressive Towards Villager: true
[19:56:25] [Server thread/INFO]: Custom Map Seeds:  Village: 10387312 Desert: 14357617 Igloo: 14357618 Jungle: 14357619 Swamp: 14357620 Monument: 10387313 Ocean: 14357621 Shipwreck: 165745295 End City: 10387313 Slime: 987234911 Bastion: 30084232 Fortress: 30084232 Mansion: 10387319 Fossil: 14357921 Portal: 34222645
[19:56:25] [Server thread/INFO]: Experience Merge Radius: 3.0
[19:56:25] [Server thread/INFO]: Hopper Transfer: 8 Hopper Check: 1 Hopper Amount: 1
[19:56:25] [Server thread/INFO]: Nerfing mobs spawned from spawners: false
[19:56:25] [Server thread/INFO]: Mob Spawn Range: 8
[19:56:25] [Server thread/INFO]: Entity Activation Range: An 32 / Mo 32 / Ra 48 / Mi 16 / Tiv true
[19:56:25] [Server thread/INFO]: Cactus Growth Modifier: 100%
[19:56:25] [Server thread/INFO]: Cane Growth Modifier: 100%
[19:56:25] [Server thread/INFO]: Melon Growth Modifier: 100%
[19:56:25] [Server thread/INFO]: Mushroom Growth Modifier: 100%
[19:56:25] [Server thread/INFO]: Pumpkin Growth Modifier: 100%
[19:56:25] [Server thread/INFO]: Sapling Growth Modifier: 100%
[19:56:25] [Server thread/INFO]: Beetroot Growth Modifier: 100%
[19:56:25] [Server thread/INFO]: Carrot Growth Modifier: 100%
[19:56:25] [Server thread/INFO]: Potato Growth Modifier: 100%
[19:56:25] [Server thread/INFO]: Wheat Growth Modifier: 100%
[19:56:25] [Server thread/INFO]: NetherWart Growth Modifier: 100%
[19:56:25] [Server thread/INFO]: Vine Growth Modifier: 100%
[19:56:25] [Server thread/INFO]: Cocoa Growth Modifier: 100%
[19:56:25] [Server thread/INFO]: Bamboo Growth Modifier: 100%
[19:56:25] [Server thread/INFO]: SweetBerry Growth Modifier: 100%
[19:56:25] [Server thread/INFO]: Kelp Growth Modifier: 100%
[19:56:25] [Server thread/INFO]: Max TNT Explosions: 100
[19:56:25] [Server thread/INFO]: Tile Max Tick Time: 50ms Entity max Tick Time: 50ms
[19:56:25] [Server thread/INFO]: -------- World Settings For [world_the_end] --------
[19:56:25] [Server thread/INFO]: Arrow Despawn Rate: 1200 Trident Respawn Rate:1200
[19:56:25] [Server thread/INFO]: Entity Tracking Range: Pl 48 / An 48 / Mo 48 / Mi 32 / Other 64
[19:56:25] [Server thread/INFO]: Allow Zombie Pigmen to spawn from portal blocks: true
[19:56:25] [Server thread/INFO]: Item Merge Radius: 2.5
[19:56:25] [Server thread/INFO]: Item Despawn Rate: 6000
[19:56:25] [Server thread/INFO]: View Distance: 10
[19:56:25] [Server thread/INFO]: Zombie Aggressive Towards Villager: true
[19:56:25] [Server thread/INFO]: Custom Map Seeds:  Village: 10387312 Desert: 14357617 Igloo: 14357618 Jungle: 14357619 Swamp: 14357620 Monument: 10387313 Ocean: 14357621 Shipwreck: 165745295 End City: 10387313 Slime: 987234911 Bastion: 30084232 Fortress: 30084232 Mansion: 10387319 Fossil: 14357921 Portal: 34222645
[19:56:25] [Server thread/INFO]: Experience Merge Radius: 3.0
[19:56:25] [Server thread/INFO]: Hopper Transfer: 8 Hopper Check: 1 Hopper Amount: 1
[19:56:25] [Server thread/INFO]: Nerfing mobs spawned from spawners: false
[19:56:25] [Server thread/INFO]: Mob Spawn Range: 8
[19:56:25] [Server thread/INFO]: Entity Activation Range: An 32 / Mo 32 / Ra 48 / Mi 16 / Tiv true
[19:56:25] [Server thread/INFO]: Cactus Growth Modifier: 100%
[19:56:25] [Server thread/INFO]: Cane Growth Modifier: 100%
[19:56:25] [Server thread/INFO]: Melon Growth Modifier: 100%
[19:56:25] [Server thread/INFO]: Mushroom Growth Modifier: 100%
[19:56:25] [Server thread/INFO]: Pumpkin Growth Modifier: 100%
[19:56:25] [Server thread/INFO]: Sapling Growth Modifier: 100%
[19:56:25] [Server thread/INFO]: Beetroot Growth Modifier: 100%
[19:56:25] [Server thread/INFO]: Carrot Growth Modifier: 100%
[19:56:25] [Server thread/INFO]: Potato Growth Modifier: 100%
[19:56:25] [Server thread/INFO]: Wheat Growth Modifier: 100%
[19:56:25] [Server thread/INFO]: NetherWart Growth Modifier: 100%
[19:56:25] [Server thread/INFO]: Vine Growth Modifier: 100%
[19:56:25] [Server thread/INFO]: Cocoa Growth Modifier: 100%
[19:56:25] [Server thread/INFO]: Bamboo Growth Modifier: 100%
[19:56:25] [Server thread/INFO]: SweetBerry Growth Modifier: 100%
[19:56:25] [Server thread/INFO]: Kelp Growth Modifier: 100%
[19:56:25] [Server thread/INFO]: Max TNT Explosions: 100
[19:56:25] [Server thread/INFO]: Tile Max Tick Time: 50ms Entity max Tick Time: 50ms
[19:56:25] [Server thread/INFO]: Preparing start region for dimension minecraft:overworld
[19:56:25] [Server thread/INFO]: Loaded 0 spawn chunks for world world
[19:56:25] [Server thread/INFO]: Preparing spawn area: 0%
[19:56:25] [Server thread/INFO]: Time elapsed: 322 ms
[19:56:25] [Server thread/INFO]: Preparing start region for dimension minecraft:the_nether
[19:56:25] [Server thread/INFO]: Loaded 0 spawn chunks for world world_nether
[19:56:26] [Server thread/INFO]: Time elapsed: 829 ms
[19:56:26] [Server thread/INFO]: Preparing start region for dimension minecraft:the_end
[19:56:26] [Server thread/INFO]: Loaded 0 spawn chunks for world world_the_end
[19:56:26] [Server thread/INFO]: Time elapsed: 73 ms
[19:56:27] [Server thread/INFO]: Running delayed init tasks
[19:56:27] [Server thread/INFO]: Done (3.158s)! For help, type "help"
[19:56:27] [Server thread/INFO]: Timings Reset
[19:56:35] [Server thread/WARN]: Can't keep up! Is the server overloaded? Running 5378ms or 107 ticks behind
[19:56:48] [Paper Watchdog Thread/ERROR]: --- DO NOT REPORT THIS TO PAPER - THIS IS NOT A BUG OR A CRASH  - git-Paper-47 (MC: 1.16.1) ---
[19:56:48] [Paper Watchdog Thread/ERROR]: The server has not responded for 10 seconds! Creating thread dump
[19:56:48] [Paper Watchdog Thread/ERROR]: ------------------------------
[19:56:48] [Paper Watchdog Thread/ERROR]: Server thread dump (Look for plugins here before reporting to Paper!):
[19:56:55] [Paper Async Chunk Task Thread #0/ERROR]: Could not de-serialize chunk data for task: Chunk task: class:com.destroystokyo.paper.io.chunk.ChunkLoadTask, for world 'world_nether', (2,2), hashcode:13142564, priority: -1
java.lang.OutOfMemoryError: Java heap space
	at it.unimi.dsi.fastutil.shorts.Short2LongOpenHashMap.rehash(Short2LongOpenHashMap.java:1134) ~[patched_1.16.1.jar:git-Paper-47]
	at it.unimi.dsi.fastutil.shorts.Short2LongOpenHashMap.insert(Short2LongOpenHashMap.java:267) ~[patched_1.16.1.jar:git-Paper-47]
	at it.unimi.dsi.fastutil.shorts.Short2LongOpenHashMap.put(Short2LongOpenHashMap.java:275) ~[patched_1.16.1.jar:git-Paper-47]
	at com.destroystokyo.paper.util.maplist.IBlockDataList.add(IBlockDataList.java:62) ~[patched_1.16.1.jar:git-Paper-47]
	at net.minecraft.server.v1_16_R1.ChunkSection.lambda$recalcBlockCounts$0(ChunkSection.java:139) ~[patched_1.16.1.jar:git-Paper-47]
	at net.minecraft.server.v1_16_R1.ChunkSection$$Lambda$3156/73147.accept(Unknown Source) ~[?:?]
	at net.minecraft.server.v1_16_R1.DataPaletteBlock.lambda$forEachLocation$3(DataPaletteBlock.java:283) ~[patched_1.16.1.jar:git-Paper-47]
	at net.minecraft.server.v1_16_R1.DataPaletteBlock$$Lambda$3157/29504666.accept(Unknown Source) ~[?:?]
	at net.minecraft.server.v1_16_R1.DataBits.forEach(DataBits.java:125) ~[patched_1.16.1.jar:git-Paper-47]
	at net.minecraft.server.v1_16_R1.DataPaletteBlock.forEachLocation(DataPaletteBlock.java:282) ~[patched_1.16.1.jar:git-Paper-47]
	at net.minecraft.server.v1_16_R1.ChunkSection.recalcBlockCounts(ChunkSection.java:131) ~[patched_1.16.1.jar:git-Paper-47]
	at net.minecraft.server.v1_16_R1.ChunkRegionLoader.loadChunk(ChunkRegionLoader.java:96) ~[patched_1.16.1.jar:git-Paper-47]
	at com.destroystokyo.paper.io.chunk.ChunkLoadTask.executeTask(ChunkLoadTask.java:114) ~[patched_1.16.1.jar:git-Paper-47]
	at com.destroystokyo.paper.io.chunk.ChunkLoadTask.run(ChunkLoadTask.java:39) ~[patched_1.16.1.jar:git-Paper-47]
	at com.destroystokyo.paper.io.QueueExecutorThread.pollTasks(QueueExecutorThread.java:105) ~[patched_1.16.1.jar:git-Paper-47]
	at com.destroystokyo.paper.io.QueueExecutorThread.run(QueueExecutorThread.java:38) ~[patched_1.16.1.jar:git-Paper-47]
